#
# There is insufficient memory for the Java Runtime Environment to continue.
# Native memory allocation (malloc) failed to allocate 2293136 bytes for Chunk::new
# Possible reasons:
#   The system is out of physical RAM or swap space
#   In 32 bit mode, the process size limit was hit
# Possible solutions:
#   Reduce memory load on the system
#   Increase physical memory or swap space
#   Check if swap backing store is full
#   Use 64 bit Java on a 64 bit OS
#   Decrease Java heap size (-Xmx/-Xms)
#   Decrease number of Java threads
#   Decrease Java thread stack sizes (-Xss)
#   Set larger code cache with -XX:ReservedCodeCacheSize=
# This output file may be truncated or incomplete.
#
#  Out of Memory Error (allocation.cpp:390), pid=16084, tid=0x0000000000005ef8
#
# JRE version: OpenJDK Runtime Environment (8.0_112-b06) (build 1.8.0_112-release-b06)
# Java VM: OpenJDK 64-Bit Server VM (25.112-b06 mixed mode windows-amd64 compressed oops)
# Failed to write core dump. Minidumps are not enabled by default on client versions of Windows
#

---------------  T H R E A D  ---------------

Current thread (0x0000000019109800):  JavaThread "C2 CompilerThread0" daemon [_thread_in_native, id=24312, stack(0x000000001b6d0000,0x000000001b7d0000)]

Stack: [0x000000001b6d0000,0x000000001b7d0000]
[error occurred during error reporting (printing stack bounds), id 0xc0000005]

Native frames: (J=compiled Java code, j=interpreted, Vv=VM code, C=native code)


Current CompileTask:
C2:   2184 1321       4       java.net.URLClassLoader$1::run (5 bytes)


---------------  P R O C E S S  ---------------

Java Threads: ( => current thread )
  0x000000001d625800 JavaThread "File lock request listener" [_thread_in_native, id=21660, stack(0x000000001f370000,0x000000001f470000)]
  0x000000001ce5d000 JavaThread "Stdin handler" [_thread_blocked, id=28948, stack(0x000000001ef70000,0x000000001f070000)]
  0x000000001c5e4000 JavaThread "Asynchronous log dispatcher for DefaultDaemonConnection: socket connection from /127.0.0.1:63828 to /127.0.0.1:63829" [_thread_blocked, id=30744, stack(0x000000001ee70000,0x000000001ef70000)]
  0x000000001d860800 JavaThread "Daemon worker" [_thread_in_native, id=32024, stack(0x000000001ed70000,0x000000001ee70000)]
  0x000000001ce95800 JavaThread "Cancel handler" [_thread_blocked, id=11076, stack(0x000000001ec70000,0x000000001ed70000)]
  0x000000001ceb3800 JavaThread "pool-1-thread-1" [_thread_blocked, id=4020, stack(0x000000001eb70000,0x000000001ec70000)]
  0x000000001c3fe800 JavaThread "Handler for socket connection from /127.0.0.1:63828 to /127.0.0.1:63829" [_thread_in_native, id=15816, stack(0x000000001ea70000,0x000000001eb70000)]
  0x000000001c3fa000 JavaThread "Daemon" [_thread_blocked, id=15376, stack(0x000000001e970000,0x000000001ea70000)]
  0x000000001cf32800 JavaThread "Incoming local TCP Connector on port 63828" [_thread_in_native, id=27932, stack(0x000000001e670000,0x000000001e770000)]
  0x000000001b0f2000 JavaThread "Service Thread" daemon [_thread_blocked, id=10208, stack(0x000000001bad0000,0x000000001bbd0000)]
  0x000000001b075000 JavaThread "C1 CompilerThread3" daemon [_thread_blocked, id=2088, stack(0x000000001b9d0000,0x000000001bad0000)]
  0x000000001b066000 JavaThread "C2 CompilerThread2" daemon [_thread_in_native, id=6464, stack(0x000000001b8d0000,0x000000001b9d0000)]
  0x000000001b063000 JavaThread "C2 CompilerThread1" daemon [_thread_blocked, id=9272, stack(0x000000001b7d0000,0x000000001b8d0000)]
=>0x0000000019109800 JavaThread "C2 CompilerThread0" daemon [_thread_in_native, id=24312, stack(0x000000001b6d0000,0x000000001b7d0000)]
  0x000000001b060800 JavaThread "Attach Listener" daemon [_thread_blocked, id=22024, stack(0x000000001b5d0000,0x000000001b6d0000)]
  0x000000001b00d800 JavaThread "Signal Dispatcher" daemon [_thread_blocked, id=26216, stack(0x000000001b4d0000,0x000000001b5d0000)]
  0x000000000526e000 JavaThread "Finalizer" daemon [_thread_blocked, id=10120, stack(0x000000001b3d0000,0x000000001b4d0000)]
  0x00000000190fa800 JavaThread "Reference Handler" daemon [_thread_blocked, id=524, stack(0x000000001aed0000,0x000000001afd0000)]
  0x0000000005171000 JavaThread "main" [_thread_blocked, id=11304, stack(0x0000000004cb0000,0x0000000004db0000)]

Other Threads:
  0x00000000190f5000 VMThread [stack: 0x000000001add0000,0x000000001aed0000] [id=25712]
  0x000000001b0f2800 WatcherThread [stack: 0x000000001bbd0000,0x000000001bcd0000] [id=16356]

VM state:not at safepoint (normal execution)

VM Mutex/Monitor currently owned by a thread: None

Heap:
 PSYoungGen      total 37888K, used 9834K [0x00000000e0000000, 0x00000000e2a00000, 0x0000000100000000)
  eden space 32768K, 14% used [0x00000000e0000000,0x00000000e049ae90,0x00000000e2000000)
  from space 5120K, 99% used [0x00000000e2000000,0x00000000e24ffa50,0x00000000e2500000)
  to   space 5120K, 0% used [0x00000000e2500000,0x00000000e2500000,0x00000000e2a00000)
 ParOldGen       total 86016K, used 4222K [0x00000000a0000000, 0x00000000a5400000, 0x00000000e0000000)
  object space 86016K, 4% used [0x00000000a0000000,0x00000000a041fa10,0x00000000a5400000)
 Metaspace       used 17031K, capacity 17448K, committed 17664K, reserved 1064960K
  class space    used 2370K, capacity 2498K, committed 2560K, reserved 1048576K

Card table byte_map: [0x0000000014700000,0x0000000014a10000] byte_map_base: 0x0000000014200000

Marking Bits: (ParMarkBitMap*) 0x000000005d4818f0
 Begin Bits: [0x0000000015410000, 0x0000000016c10000)
 End Bits:   [0x0000000016c10000, 0x0000000018410000)

Polling page: 0x0000000003030000

CodeCache: size=245760Kb used=5245Kb max_used=5245Kb free=240514Kb
 bounds [0x0000000005340000, 0x0000000005870000, 0x0000000014340000]
 total_blobs=1898 nmethods=1501 adapters=310
 compilation: enabled

Compilation events (10 events):
Event: 2.169 Thread 0x000000001b063000 1501       4       sun.security.provider.MD5::II (31 bytes)
Event: 2.169 Thread 0x000000001b063000 nmethod 1501 0x000000000585bb10 code [0x000000000585bc40, 0x000000000585bcb8]
Event: 2.169 Thread 0x000000001b075000 1502       3       java.util.LinkedList::<init> (10 bytes)
Event: 2.169 Thread 0x000000001b075000 nmethod 1502 0x000000000585b590 code [0x000000000585b700, 0x000000000585b9d0]
Event: 2.169 Thread 0x000000001b075000 1503       3       java.util.AbstractSequentialList::<init> (5 bytes)
Event: 2.169 Thread 0x000000001b075000 nmethod 1503 0x000000000585e690 code [0x000000000585e800, 0x000000000585ea70]
Event: 2.170 Thread 0x000000001b075000 1504       3       sun.security.provider.MD5::implCompress (1508 bytes)
Event: 2.172 Thread 0x000000001b075000 nmethod 1504 0x000000000585ff10 code [0x00000000058602a0, 0x00000000058629a8]
Event: 2.172 Thread 0x000000001b075000 1505       3       sun.security.provider.ByteArrayAccess::b2iLittle64 (614 bytes)
Event: 2.173 Thread 0x000000001b075000 nmethod 1505 0x000000000585dc50 code [0x000000000585dde0, 0x000000000585e368]

GC Heap History (6 events):
Event: 0.784 GC heap before
{Heap before GC invocations=1 (full 0):
 PSYoungGen      total 37888K, used 32768K [0x00000000e0000000, 0x00000000e2a00000, 0x0000000100000000)
  eden space 32768K, 100% used [0x00000000e0000000,0x00000000e2000000,0x00000000e2000000)
  from space 5120K, 0% used [0x00000000e2500000,0x00000000e2500000,0x00000000e2a00000)
  to   space 5120K, 0% used [0x00000000e2000000,0x00000000e2000000,0x00000000e2500000)
 ParOldGen       total 86016K, used 0K [0x00000000a0000000, 0x00000000a5400000, 0x00000000e0000000)
  object space 86016K, 0% used [0x00000000a0000000,0x00000000a0000000,0x00000000a5400000)
 Metaspace       used 6847K, capacity 7016K, committed 7040K, reserved 1056768K
  class space    used 836K, capacity 892K, committed 896K, reserved 1048576K
Event: 0.789 GC heap after
Heap after GC invocations=1 (full 0):
 PSYoungGen      total 37888K, used 4549K [0x00000000e0000000, 0x00000000e2a00000, 0x0000000100000000)
  eden space 32768K, 0% used [0x00000000e0000000,0x00000000e0000000,0x00000000e2000000)
  from space 5120K, 88% used [0x00000000e2000000,0x00000000e2471578,0x00000000e2500000)
  to   space 5120K, 0% used [0x00000000e2500000,0x00000000e2500000,0x00000000e2a00000)
 ParOldGen       total 86016K, used 8K [0x00000000a0000000, 0x00000000a5400000, 0x00000000e0000000)
  object space 86016K, 0% used [0x00000000a0000000,0x00000000a0002000,0x00000000a5400000)
 Metaspace       used 6847K, capacity 7016K, committed 7040K, reserved 1056768K
  class space    used 836K, capacity 892K, committed 896K, reserved 1048576K
}
Event: 1.558 GC heap before
{Heap before GC invocations=2 (full 0):
 PSYoungGen      total 37888K, used 37317K [0x00000000e0000000, 0x00000000e2a00000, 0x0000000100000000)
  eden space 32768K, 100% used [0x00000000e0000000,0x00000000e2000000,0x00000000e2000000)
  from space 5120K, 88% used [0x00000000e2000000,0x00000000e2471578,0x00000000e2500000)
  to   space 5120K, 0% used [0x00000000e2500000,0x00000000e2500000,0x00000000e2a00000)
 ParOldGen       total 86016K, used 8K [0x00000000a0000000, 0x00000000a5400000, 0x00000000e0000000)
  object space 86016K, 0% used [0x00000000a0000000,0x00000000a0002000,0x00000000a5400000)
 Metaspace       used 13059K, capacity 13414K, committed 13696K, reserved 1060864K
  class space    used 1723K, capacity 1842K, committed 1920K, reserved 1048576K
Event: 1.564 GC heap after
Heap after GC invocations=2 (full 0):
 PSYoungGen      total 37888K, used 5104K [0x00000000e0000000, 0x00000000e2a00000, 0x0000000100000000)
  eden space 32768K, 0% used [0x00000000e0000000,0x00000000e0000000,0x00000000e2000000)
  from space 5120K, 99% used [0x00000000e2500000,0x00000000e29fc270,0x00000000e2a00000)
  to   space 5120K, 0% used [0x00000000e2000000,0x00000000e2000000,0x00000000e2500000)
 ParOldGen       total 86016K, used 1292K [0x00000000a0000000, 0x00000000a5400000, 0x00000000e0000000)
  object space 86016K, 1% used [0x00000000a0000000,0x00000000a0143240,0x00000000a5400000)
 Metaspace       used 13059K, capacity 13414K, committed 13696K, reserved 1060864K
  class space    used 1723K, capacity 1842K, committed 1920K, reserved 1048576K
}
Event: 2.001 GC heap before
{Heap before GC invocations=3 (full 0):
 PSYoungGen      total 37888K, used 37872K [0x00000000e0000000, 0x00000000e2a00000, 0x0000000100000000)
  eden space 32768K, 100% used [0x00000000e0000000,0x00000000e2000000,0x00000000e2000000)
  from space 5120K, 99% used [0x00000000e2500000,0x00000000e29fc270,0x00000000e2a00000)
  to   space 5120K, 0% used [0x00000000e2000000,0x00000000e2000000,0x00000000e2500000)
 ParOldGen       total 86016K, used 1292K [0x00000000a0000000, 0x00000000a5400000, 0x00000000e0000000)
  object space 86016K, 1% used [0x00000000a0000000,0x00000000a0143240,0x00000000a5400000)
 Metaspace       used 16367K, capacity 16770K, committed 17024K, reserved 1064960K
  class space    used 2270K, capacity 2400K, committed 2432K, reserved 1048576K
Event: 2.008 GC heap after
Heap after GC invocations=3 (full 0):
 PSYoungGen      total 37888K, used 5118K [0x00000000e0000000, 0x00000000e2a00000, 0x0000000100000000)
  eden space 32768K, 0% used [0x00000000e0000000,0x00000000e0000000,0x00000000e2000000)
  from space 5120K, 99% used [0x00000000e2000000,0x00000000e24ffa50,0x00000000e2500000)
  to   space 5120K, 0% used [0x00000000e2500000,0x00000000e2500000,0x00000000e2a00000)
 ParOldGen       total 86016K, used 4222K [0x00000000a0000000, 0x00000000a5400000, 0x00000000e0000000)
  object space 86016K, 4% used [0x00000000a0000000,0x00000000a041fa10,0x00000000a5400000)
 Metaspace       used 16367K, capacity 16770K, committed 17024K, reserved 1064960K
  class space    used 2270K, capacity 2400K, committed 2432K, reserved 1048576K
}

Deoptimization events (10 events):
Event: 1.961 Thread 0x000000001d860800 Uncommon trap: reason=bimorphic action=maybe_recompile pc=0x00000000057aaca8 method=java.lang.ClassLoader.loadClass(Ljava/lang/String;Z)Ljava/lang/Class; @ 38
Event: 1.962 Thread 0x000000001d860800 Uncommon trap: reason=bimorphic action=maybe_recompile pc=0x00000000057aaca8 method=java.lang.ClassLoader.loadClass(Ljava/lang/String;Z)Ljava/lang/Class; @ 38
Event: 1.962 Thread 0x000000001d860800 Uncommon trap: reason=bimorphic action=maybe_recompile pc=0x00000000057aaca8 method=java.lang.ClassLoader.loadClass(Ljava/lang/String;Z)Ljava/lang/Class; @ 38
Event: 2.020 Thread 0x000000001d860800 Uncommon trap: reason=predicate action=maybe_recompile pc=0x00000000057ff8c8 method=sun.security.provider.DigestBase.implCompressMultiBlock([BII)I @ 5
Event: 2.030 Thread 0x000000001d860800 Uncommon trap: reason=unstable_if action=reinterpret pc=0x0000000005616290 method=java.lang.AbstractStringBuilder.append(Ljava/lang/String;)Ljava/lang/AbstractStringBuilder; @ 1
Event: 2.030 Thread 0x000000001d860800 Uncommon trap: reason=unstable_if action=reinterpret pc=0x0000000005556c7c method=java.lang.AbstractStringBuilder.append(Ljava/lang/String;)Ljava/lang/AbstractStringBuilder; @ 1
Event: 2.121 Thread 0x000000001d860800 Uncommon trap: reason=class_check action=maybe_recompile pc=0x000000000550c9a8 method=java.lang.String.equals(Ljava/lang/Object;)Z @ 8
Event: 2.121 Thread 0x000000001d860800 Uncommon trap: reason=class_check action=maybe_recompile pc=0x000000000550c9a8 method=java.lang.String.equals(Ljava/lang/Object;)Z @ 8
Event: 2.122 Thread 0x000000001d860800 Uncommon trap: reason=class_check action=maybe_recompile pc=0x000000000550c9a8 method=java.lang.String.equals(Ljava/lang/Object;)Z @ 8
Event: 2.122 Thread 0x000000001d860800 Uncommon trap: reason=class_check action=maybe_recompile pc=0x000000000550c9a8 method=java.lang.String.equals(Ljava/lang/Object;)Z @ 8

Internal exceptions (10 events):
Event: 1.843 Thread 0x000000001d860800 Exception <a 'java/lang/NoSuchMethodError': <clinit>> (0x00000000e1c2b5b8) thrown at [C:\src\android\AOSP-openjdk\external\jetbrains\jdk\hotspot\src\share\vm\prims\jni.cpp, line 1613]
Event: 1.844 Thread 0x000000001d860800 Exception <a 'java/lang/NoSuchMethodError': <clinit>> (0x00000000e1c37898) thrown at [C:\src\android\AOSP-openjdk\external\jetbrains\jdk\hotspot\src\share\vm\prims\jni.cpp, line 1613]
Event: 1.845 Thread 0x000000001d860800 Exception <a 'java/lang/NoSuchMethodError': <clinit>> (0x00000000e1c41d08) thrown at [C:\src\android\AOSP-openjdk\external\jetbrains\jdk\hotspot\src\share\vm\prims\jni.cpp, line 1613]
Event: 1.963 Thread 0x000000001d860800 Exception <a 'java/lang/NoSuchMethodError': <clinit>> (0x00000000e1d7b8f0) thrown at [C:\src\android\AOSP-openjdk\external\jetbrains\jdk\hotspot\src\share\vm\prims\jni.cpp, line 1613]
Event: 1.969 Thread 0x000000001d860800 Exception <a 'java/lang/NoSuchMethodError': <clinit>> (0x00000000e1dbfcf8) thrown at [C:\src\android\AOSP-openjdk\external\jetbrains\jdk\hotspot\src\share\vm\prims\jni.cpp, line 1613]
Event: 1.971 Thread 0x000000001d860800 Exception <a 'java/lang/NoSuchMethodError': <clinit>> (0x00000000e1dd2d38) thrown at [C:\src\android\AOSP-openjdk\external\jetbrains\jdk\hotspot\src\share\vm\prims\jni.cpp, line 1613]
Event: 1.974 Thread 0x000000001d860800 Exception <a 'java/lang/NoSuchMethodError': <clinit>> (0x00000000e1de9e98) thrown at [C:\src\android\AOSP-openjdk\external\jetbrains\jdk\hotspot\src\share\vm\prims\jni.cpp, line 1613]
Event: 1.978 Thread 0x000000001d860800 Exception <a 'java/lang/NoSuchMethodError': <clinit>> (0x00000000e1e06ad0) thrown at [C:\src\android\AOSP-openjdk\external\jetbrains\jdk\hotspot\src\share\vm\prims\jni.cpp, line 1613]
Event: 2.030 Thread 0x000000001d860800 Implicit null exception at 0x0000000005615ed6 to 0x0000000005616279
Event: 2.030 Thread 0x000000001d860800 Implicit null exception at 0x0000000005556817 to 0x0000000005556c65

Events (10 events):
Event: 2.180 loading class com/google/common/primitives/Ints$IntConverter done
Event: 2.181 loading class com/google/common/collect/Count
Event: 2.181 loading class com/google/common/collect/Count done
Event: 2.181 loading class asLocalRepo1041_64jz4etwb1n7tyye6g2kkgcdv
Event: 2.181 loading class asLocalRepo1041_64jz4etwb1n7tyye6g2kkgcdv done
Event: 2.181 loading class com/google/common/collect/MapMakerInternalMap$StrongEntry
Event: 2.181 loading class com/google/common/collect/MapMakerInternalMap$StrongEntry done
Event: 2.182 loading class com/google/common/collect/MapMakerInternalMap$WeakValueReference
Event: 2.182 loading class com/google/common/collect/MapMakerInternalMap$WeakValueReference done
Event: 2.182 loading class sun/misc/URLClassPath$FileLoader


Dynamic libraries:
0x00007ff616050000 - 0x00007ff616081000 	C:\Program Files\Android\Android Studio\jre\bin\java.exe
0x00007ffc57940000 - 0x00007ffc57b20000 	C:\WINDOWS\SYSTEM32\ntdll.dll
0x00007ffc556b0000 - 0x00007ffc5575e000 	C:\WINDOWS\System32\KERNEL32.DLL
0x00007ffc54980000 - 0x00007ffc54be6000 	C:\WINDOWS\System32\KERNELBASE.dll
0x00007ffc577a0000 - 0x00007ffc57841000 	C:\WINDOWS\System32\ADVAPI32.dll
0x00007ffc57690000 - 0x00007ffc5772d000 	C:\WINDOWS\System32\msvcrt.dll
0x00007ffc555f0000 - 0x00007ffc5564b000 	C:\WINDOWS\System32\sechost.dll
0x00007ffc55ce0000 - 0x00007ffc55dff000 	C:\WINDOWS\System32\RPCRT4.dll
0x00007ffc553d0000 - 0x00007ffc5555f000 	C:\WINDOWS\System32\USER32.dll
0x00007ffc53f10000 - 0x00007ffc53f30000 	C:\WINDOWS\System32\win32u.dll
0x00007ffc57740000 - 0x00007ffc57768000 	C:\WINDOWS\System32\GDI32.dll
0x00007ffc547e0000 - 0x00007ffc54973000 	C:\WINDOWS\System32\gdi32full.dll
0x00007ffc53d40000 - 0x00007ffc53ddb000 	C:\WINDOWS\System32\msvcp_win.dll
0x00007ffc54680000 - 0x00007ffc54776000 	C:\WINDOWS\System32\ucrtbase.dll
0x00007ffc498b0000 - 0x00007ffc49b19000 	C:\WINDOWS\WinSxS\amd64_microsoft.windows.common-controls_6595b64144ccf1df_6.0.16299.98_none_cc930a042215c348\COMCTL32.dll
0x00007ffc55760000 - 0x00007ffc55a68000 	C:\WINDOWS\System32\combase.dll
0x00007ffc53de0000 - 0x00007ffc53e52000 	C:\WINDOWS\System32\bcryptPrimitives.dll
0x00007ffc57770000 - 0x00007ffc5779d000 	C:\WINDOWS\System32\IMM32.DLL
0x000000005ea30000 - 0x000000005eb02000 	C:\Program Files\Android\Android Studio\jre\jre\bin\msvcr100.dll
0x000000005ccc0000 - 0x000000005d4fc000 	C:\Program Files\Android\Android Studio\jre\jre\bin\server\jvm.dll
0x00007ffc555e0000 - 0x00007ffc555e8000 	C:\WINDOWS\System32\PSAPI.DLL
0x00007ffc50f50000 - 0x00007ffc50f73000 	C:\WINDOWS\SYSTEM32\WINMM.dll
0x00007ffc42ee0000 - 0x00007ffc42ee9000 	C:\WINDOWS\SYSTEM32\WSOCK32.dll
0x00007ffc52950000 - 0x00007ffc5295a000 	C:\WINDOWS\SYSTEM32\VERSION.dll
0x00007ffc57620000 - 0x00007ffc5768c000 	C:\WINDOWS\System32\WS2_32.dll
0x00007ffc50e90000 - 0x00007ffc50eba000 	C:\WINDOWS\SYSTEM32\WINMMBASE.dll
0x00007ffc54bf0000 - 0x00007ffc54c3a000 	C:\WINDOWS\System32\cfgmgr32.dll
0x00007ffc50b40000 - 0x00007ffc50b4f000 	C:\Program Files\Android\Android Studio\jre\jre\bin\verify.dll
0x00007ffc4f270000 - 0x00007ffc4f299000 	C:\Program Files\Android\Android Studio\jre\jre\bin\java.dll
0x00007ffc48ae0000 - 0x00007ffc48af6000 	C:\Program Files\Android\Android Studio\jre\jre\bin\zip.dll
0x00007ffc55f80000 - 0x00007ffc573b6000 	C:\WINDOWS\System32\SHELL32.dll
0x00007ffc55320000 - 0x00007ffc553c6000 	C:\WINDOWS\System32\shcore.dll
0x00007ffc53f30000 - 0x00007ffc54677000 	C:\WINDOWS\System32\windows.storage.dll
0x00007ffc578b0000 - 0x00007ffc57901000 	C:\WINDOWS\System32\shlwapi.dll
0x00007ffc53d20000 - 0x00007ffc53d31000 	C:\WINDOWS\System32\kernel.appcore.dll
0x00007ffc53cd0000 - 0x00007ffc53d1c000 	C:\WINDOWS\System32\powrprof.dll
0x00007ffc53c90000 - 0x00007ffc53cab000 	C:\WINDOWS\System32\profapi.dll
0x00007ffc489c0000 - 0x00007ffc489da000 	C:\Program Files\Android\Android Studio\jre\jre\bin\net.dll
0x00007ffc534c0000 - 0x00007ffc53526000 	C:\WINDOWS\system32\mswsock.dll
0x00007ffc489a0000 - 0x00007ffc489b1000 	C:\Program Files\Android\Android Studio\jre\jre\bin\nio.dll
0x00007ffc51120000 - 0x00007ffc5113e000 	C:\Users\GaoTianyu\.gradle\native\23\windows-amd64\native-platform.dll
0x00007ffc53680000 - 0x00007ffc53697000 	C:\WINDOWS\SYSTEM32\CRYPTSP.dll
0x00007ffc530d0000 - 0x00007ffc53103000 	C:\WINDOWS\system32\rsaenh.dll
0x00007ffc53790000 - 0x00007ffc537b5000 	C:\WINDOWS\SYSTEM32\bcrypt.dll
0x00007ffc53bc0000 - 0x00007ffc53be9000 	C:\WINDOWS\SYSTEM32\USERENV.dll
0x00007ffc536a0000 - 0x00007ffc536ab000 	C:\WINDOWS\SYSTEM32\CRYPTBASE.dll
0x00007ffc53250000 - 0x00007ffc53289000 	C:\WINDOWS\SYSTEM32\IPHLPAPI.DLL
0x00007ffc55f70000 - 0x00007ffc55f78000 	C:\WINDOWS\System32\NSI.dll
0x00007ffc4d590000 - 0x00007ffc4d5a6000 	C:\WINDOWS\SYSTEM32\dhcpcsvc6.DLL
0x00007ffc4d760000 - 0x00007ffc4d77a000 	C:\WINDOWS\SYSTEM32\dhcpcsvc.DLL
0x00007ffc528f0000 - 0x00007ffc528fd000 	C:\Program Files\Android\Android Studio\jre\jre\bin\management.dll

VM Arguments:
jvm_args: -Xmx1536m -Dfile.encoding=GBK -Duser.country=CN -Duser.language=zh -Duser.variant 
java_command: org.gradle.launcher.daemon.bootstrap.GradleDaemon 3.3
java_class_path (initial): C:\Users\GaoTianyu\.gradle\wrapper\dists\gradle-3.3-all\55gk2rcmfc6p2dg9u9ohc3hw9\gradle-3.3\lib\gradle-launcher-3.3.jar
Launcher Type: SUN_STANDARD

Environment Variables:
PATH=C:\ProgramData\Oracle\Java\javapath;C:\Program Files (x86)\Razer Chroma SDK\bin;C:\Program Files\Razer Chroma SDK\bin;C:\Program Files (x86)\Intel\iCLS Client\;C:\Program Files\Intel\iCLS Client\;C:\Windows\system32;C:\Windows;C:\Windows\System32\Wbem;C:\Windows\System32\WindowsPowerShell\v1.0\;C:\Program Files (x86)\Intel\Intel(R) Management Engine Components\DAL;C:\Program Files\Intel\Intel(R) Management Engine Components\DAL;C:\Program Files (x86)\Intel\Intel(R) Management Engine Components\IPT;C:\Program Files\Intel\Intel(R) Management Engine Components\IPT;C:\Program Files (x86)\NVIDIA Corporation\PhysX\Common;C:\WINDOWS\system32;C:\WINDOWS;C:\WINDOWS\System32\Wbem;C:\WINDOWS\System32\WindowsPowerShell\v1.0\;C:\WINDOWS\system32\config\systemprofile\AppData\Local\Microsoft\WindowsApps;C:\Program Files\Intel\WiFi\bin\;C:\Program Files\Common Files\Intel\WirelessCommon\;C:\Program Files\Java\jdk1.8.0_144;C:\Program Files\Java\jdk-9.0.1\bin;C:\Program Files (x86)\GtkSharp\2.12\bin;C:\Program Files\Git\cmd;C:\Users\GaoTianyu\AppData\Local\Microsoft\WindowsApps;C:\Users\GaoTianyu\AppData\Local\GitHubDesktop\bin;%USERPROFILE%\AppData\Local\Microsoft\WindowsApps;
USERNAME=GaoTianyu
OS=Windows_NT
PROCESSOR_IDENTIFIER=Intel64 Family 6 Model 158 Stepping 9, GenuineIntel



---------------  S Y S T E M  ---------------

OS: Windows 10.0 , 64 bit Build 16299 (10.0.16299.15)

CPU:total 8 (4 cores per cpu, 2 threads per core) family 6 model 158 stepping 9, cmov, cx8, fxsr, mmx, sse, sse2, sse3, ssse3, sse4.1, sse4.2, popcnt, avx, avx2, aes, clmul, erms, 3dnowpref, lzcnt, ht, tsc, tscinvbit, bmi1, bmi2, adx

Memory: 4k page, physical 8251664k(1172132k free), swap 11207436k(7012k free)

vm_info: OpenJDK 64-Bit Server VM (25.112-b06) for windows-amd64 JRE (1.8.0_112-release-b06), built on Dec  8 2016 00:54:26 by "builder" with MS VC++ 10.0 (VS2010)

time: Wed Dec 13 23:35:00 2017
elapsed time: 2 seconds (0d 0h 0m 2s)

